2022年 07月 02日 星期六 21:50:01 CST
**********************************START************************************************
没有要保存的本地修改
Already up-to-date.
# 位于分支 master
# 尚未暂存以备提交的变更：
#   （使用 "git add <file>..." 更新要提交的内容）
#   （使用 "git checkout -- <file>..." 丢弃工作区的改动）
#
#	修改：      tip.txt
#
# 未跟踪的文件:
#   （使用 "git add <file>..." 以包含要提交的内容）
#
#	20220702.log
修改尚未加入提交（使用 "git add" 和/或 "git commit -a"）
2022年 07月 02日 星期六 22:02:01 CST
**********************************START************************************************
# 位于分支 master
# 尚未暂存以备提交的变更：
#   （使用 "git add <file>..." 更新要提交的内容）
#   （使用 "git checkout -- <file>..." 丢弃工作区的改动）
#
#	修改：      20220702.log
#	修改：      tip.txt
#	修改：      update_code_cron.sh
#
修改尚未加入提交（使用 "git add" 和/或 "git commit -a"）
2022年 07月 02日 星期六 22:03:01 CST
**********************************START************************************************
# 位于分支 master
# 尚未暂存以备提交的变更：
#   （使用 "git add <file>..." 更新要提交的内容）
#   （使用 "git checkout -- <file>..." 丢弃工作区的改动）
#
#	修改：      20220702.log
#	修改：      tip.txt
#
修改尚未加入提交（使用 "git add" 和/或 "git commit -a"）
2022年 07月 02日 星期六 22:04:01 CST
**********************************START************************************************
# 位于分支 master
# 尚未暂存以备提交的变更：
#   （使用 "git add <file>..." 更新要提交的内容）
#   （使用 "git checkout -- <file>..." 丢弃工作区的改动）
#
#	修改：      20220702.log
#	修改：      tip.txt
#
修改尚未加入提交（使用 "git add" 和/或 "git commit -a"）
2022年 07月 02日 星期六 22:05:01 CST
**********************************START************************************************
# 位于分支 master
# 尚未暂存以备提交的变更：
#   （使用 "git add <file>..." 更新要提交的内容）
#   （使用 "git checkout -- <file>..." 丢弃工作区的改动）
#
#	修改：      20220702.log
#	修改：      tip.txt
#
修改尚未加入提交（使用 "git add" 和/或 "git commit -a"）
2022年 07月 02日 星期六 22:06:01 CST
**********************************START************************************************
# 位于分支 master
# 尚未暂存以备提交的变更：
#   （使用 "git add <file>..." 更新要提交的内容）
#   （使用 "git checkout -- <file>..." 丢弃工作区的改动）
#
#	修改：      20220702.log
#	修改：      tip.txt
#
# 未跟踪的文件:
#   （使用 "git add <file>..." 以包含要提交的内容）
#
#	.update_code_cron.sh.swp
修改尚未加入提交（使用 "git add" 和/或 "git commit -a"）
update time: 2022年 07月 02日 星期六 22:07:01 CST
**********************************START************************************************
# 位于分支 master
# 尚未暂存以备提交的变更：
#   （使用 "git add/rm <file>..." 更新要提交的内容）
#   （使用 "git checkout -- <file>..." 丢弃工作区的改动）
#
#	删除：      .update_code_cron.sh.swp
#	修改：      20220702.log
#	修改：      tip.txt
#	修改：      update_code_cron.sh
#
修改尚未加入提交（使用 "git add" 和/或 "git commit -a"）
[master d70cb75] update file
 4 files changed, 15 insertions(+), 1 deletion(-)
 delete mode 100644 .update_code_cron.sh.swp

update time: 2022年 07月 02日 星期六 22:08:01 CST
**********************************START************************************************
# 位于分支 master
# 尚未暂存以备提交的变更：
#   （使用 "git add <file>..." 更新要提交的内容）
#   （使用 "git checkout -- <file>..." 丢弃工作区的改动）
#
#	修改：      20220702.log
#	修改：      tip.txt
#
修改尚未加入提交（使用 "git add" 和/或 "git commit -a"）

update time: 2022年 07月 02日 星期六 22:09:01 CST
**********************************START************************************************
# 位于分支 master
# 尚未暂存以备提交的变更：
#   （使用 "git add <file>..." 更新要提交的内容）
#   （使用 "git checkout -- <file>..." 丢弃工作区的改动）
#
#	修改：      20220702.log
#	修改：      tip.txt
#
修改尚未加入提交（使用 "git add" 和/或 "git commit -a"）

update time: 2022年 07月 02日 星期六 22:10:01 CST
**********************************START************************************************
# 位于分支 master
# 尚未暂存以备提交的变更：
#   （使用 "git add <file>..." 更新要提交的内容）
#   （使用 "git checkout -- <file>..." 丢弃工作区的改动）
#
#	修改：      20220702.log
#	修改：      tip.txt
#
修改尚未加入提交（使用 "git add" 和/或 "git commit -a"）

update time: 2022年 07月 02日 星期六 22:11:01 CST
**********************************START************************************************
# 位于分支 master
# 尚未暂存以备提交的变更：
#   （使用 "git add <file>..." 更新要提交的内容）
#   （使用 "git checkout -- <file>..." 丢弃工作区的改动）
#
#	修改：      20220702.log
#	修改：      tip.txt
#
修改尚未加入提交（使用 "git add" 和/或 "git commit -a"）

update time: 2022年 07月 02日 星期六 22:12:01 CST
**********************************START************************************************
# 位于分支 master
# 尚未暂存以备提交的变更：
#   （使用 "git add <file>..." 更新要提交的内容）
#   （使用 "git checkout -- <file>..." 丢弃工作区的改动）
#
#	修改：      20220702.log
#	修改：      tip.txt
#
修改尚未加入提交（使用 "git add" 和/或 "git commit -a"）

update time: 2022年 07月 02日 星期六 22:13:01 CST
**********************************START************************************************
# 位于分支 master
# 尚未暂存以备提交的变更：
#   （使用 "git add <file>..." 更新要提交的内容）
#   （使用 "git checkout -- <file>..." 丢弃工作区的改动）
#
#	修改：      20220702.log
#	修改：      tip.txt
#
修改尚未加入提交（使用 "git add" 和/或 "git commit -a"）

update time: 2022年 07月 02日 星期六 22:14:02 CST
**********************************START************************************************
# 位于分支 master
# 尚未暂存以备提交的变更：
#   （使用 "git add <file>..." 更新要提交的内容）
#   （使用 "git checkout -- <file>..." 丢弃工作区的改动）
#
#	修改：      20220702.log
#	修改：      tip.txt
#
修改尚未加入提交（使用 "git add" 和/或 "git commit -a"）

update time: 2022年 07月 02日 星期六 22:15:01 CST
**********************************START************************************************
# 位于分支 master
# 尚未暂存以备提交的变更：
#   （使用 "git add <file>..." 更新要提交的内容）
#   （使用 "git checkout -- <file>..." 丢弃工作区的改动）
#
#	修改：      20220702.log
#	修改：      tip.txt
#
修改尚未加入提交（使用 "git add" 和/或 "git commit -a"）

update time: 2022年 07月 02日 星期六 22:16:01 CST
**********************************START************************************************
# 位于分支 master
# 尚未暂存以备提交的变更：
#   （使用 "git add <file>..." 更新要提交的内容）
#   （使用 "git checkout -- <file>..." 丢弃工作区的改动）
#
#	修改：      20220702.log
#	修改：      tip.txt
#
修改尚未加入提交（使用 "git add" 和/或 "git commit -a"）

update time: 2022年 07月 02日 星期六 22:17:02 CST
**********************************START************************************************
# 位于分支 master
# 尚未暂存以备提交的变更：
#   （使用 "git add <file>..." 更新要提交的内容）
#   （使用 "git checkout -- <file>..." 丢弃工作区的改动）
#
#	修改：      20220702.log
#	修改：      tip.txt
#	修改：      update_code_cron.sh
#
修改尚未加入提交（使用 "git add" 和/或 "git commit -a"）

update time: 2022年 07月 02日 星期六 22:18:01 CST
**********************************START************************************************
# 位于分支 master
# 尚未暂存以备提交的变更：
#   （使用 "git add <file>..." 更新要提交的内容）
#   （使用 "git checkout -- <file>..." 丢弃工作区的改动）
#
#	修改：      20220702.log
#	修改：      tip.txt
#
修改尚未加入提交（使用 "git add" 和/或 "git commit -a"）

update time: 2022年 07月 02日 星期六 22:19:01 CST
**********************************START************************************************
# 位于分支 master
# 尚未暂存以备提交的变更：
#   （使用 "git add <file>..." 更新要提交的内容）
#   （使用 "git checkout -- <file>..." 丢弃工作区的改动）
#
#	修改：      20220702.log
#	修改：      tip.txt
#
# 未跟踪的文件:
#   （使用 "git add <file>..." 以包含要提交的内容）
#
#	.update_code_cron.sh.swp
修改尚未加入提交（使用 "git add" 和/或 "git commit -a"）

update time: 2022年 07月 02日 星期六 22:20:01 CST
**********************************START************************************************
# 位于分支 master
# 尚未暂存以备提交的变更：
#   （使用 "git add <file>..." 更新要提交的内容）
#   （使用 "git checkout -- <file>..." 丢弃工作区的改动）
#
#	修改：      20220702.log
#	修改：      tip.txt
#
修改尚未加入提交（使用 "git add" 和/或 "git commit -a"）

update time: 2022年 07月 02日 星期六 22:21:01 CST
**********************************START************************************************
# 位于分支 master
# 尚未暂存以备提交的变更：
#   （使用 "git add <file>..." 更新要提交的内容）
#   （使用 "git checkout -- <file>..." 丢弃工作区的改动）
#
#	修改：      20220702.log
#	修改：      tip.txt
#
修改尚未加入提交（使用 "git add" 和/或 "git commit -a"）

update time: 2022年 07月 02日 星期六 22:22:01 CST
**********************************START************************************************
# 位于分支 master
# 尚未暂存以备提交的变更：
#   （使用 "git add <file>..." 更新要提交的内容）
#   （使用 "git checkout -- <file>..." 丢弃工作区的改动）
#
#	修改：      20220702.log
#	修改：      tip.txt
#
修改尚未加入提交（使用 "git add" 和/或 "git commit -a"）

update time: 2022年 07月 02日 星期六 22:23:01 CST
**********************************START************************************************
# 位于分支 master
# 您的分支领先 'origin/master' 共 1 个提交。
#   （使用 "git push" 来发布您的本地提交）
#
# 尚未暂存以备提交的变更：
#   （使用 "git add <file>..." 更新要提交的内容）
#   （使用 "git checkout -- <file>..." 丢弃工作区的改动）
#
#	修改：      20220702.log
#	修改：      tip.txt
#
修改尚未加入提交（使用 "git add" 和/或 "git commit -a"）
[master c4681f5] update file
 2 files changed, 16 insertions(+)

update time: 2022年 07月 02日 星期六 22:24:01 CST
**********************************START************************************************
# 位于分支 master
# 您的分支领先 'origin/master' 共 2 个提交。
#   （使用 "git push" 来发布您的本地提交）
#
# 尚未暂存以备提交的变更：
#   （使用 "git add <file>..." 更新要提交的内容）
#   （使用 "git checkout -- <file>..." 丢弃工作区的改动）
#
#	修改：      20220702.log
#	修改：      tip.txt
#
修改尚未加入提交（使用 "git add" 和/或 "git commit -a"）

update time: 2022年 07月 02日 星期六 22:25:01 CST
**********************************START************************************************
# 位于分支 master
# 尚未暂存以备提交的变更：
#   （使用 "git add <file>..." 更新要提交的内容）
#   （使用 "git checkout -- <file>..." 丢弃工作区的改动）
#
#	修改：      20220702.log
#	修改：      tip.txt
#
修改尚未加入提交（使用 "git add" 和/或 "git commit -a"）

update time: 2022年 07月 02日 星期六 22:26:01 CST
**********************************START************************************************
# 位于分支 master
# 尚未暂存以备提交的变更：
#   （使用 "git add <file>..." 更新要提交的内容）
#   （使用 "git checkout -- <file>..." 丢弃工作区的改动）
#
#	修改：      20220702.log
#	修改：      tip.txt
#
修改尚未加入提交（使用 "git add" 和/或 "git commit -a"）

update time: 2022年 07月 02日 星期六 22:27:01 CST
**********************************START************************************************
# 位于分支 master
# 尚未暂存以备提交的变更：
#   （使用 "git add <file>..." 更新要提交的内容）
#   （使用 "git checkout -- <file>..." 丢弃工作区的改动）
#
#	修改：      20220702.log
#	修改：      tip.txt
#
修改尚未加入提交（使用 "git add" 和/或 "git commit -a"）

update time: 2022年 07月 02日 星期六 22:28:01 CST
**********************************START************************************************
# 位于分支 master
# 尚未暂存以备提交的变更：
#   （使用 "git add <file>..." 更新要提交的内容）
#   （使用 "git checkout -- <file>..." 丢弃工作区的改动）
#
#	修改：      20220702.log
#	修改：      tip.txt
#
修改尚未加入提交（使用 "git add" 和/或 "git commit -a"）

update time: 2022年 07月 02日 星期六 22:29:01 CST
**********************************START************************************************
# 位于分支 master
# 尚未暂存以备提交的变更：
#   （使用 "git add <file>..." 更新要提交的内容）
#   （使用 "git checkout -- <file>..." 丢弃工作区的改动）
#
#	修改：      20220702.log
#	修改：      tip.txt
#
修改尚未加入提交（使用 "git add" 和/或 "git commit -a"）

update time: 2022年 07月 02日 星期六 22:30:01 CST
**********************************START************************************************
# 位于分支 master
# 尚未暂存以备提交的变更：
#   （使用 "git add <file>..." 更新要提交的内容）
#   （使用 "git checkout -- <file>..." 丢弃工作区的改动）
#
#	修改：      20220702.log
#	修改：      tip.txt
#
修改尚未加入提交（使用 "git add" 和/或 "git commit -a"）

update time: 2022年 07月 02日 星期六 22:31:01 CST
**********************************START************************************************
# 位于分支 master
# 尚未暂存以备提交的变更：
#   （使用 "git add <file>..." 更新要提交的内容）
#   （使用 "git checkout -- <file>..." 丢弃工作区的改动）
#
#	修改：      20220702.log
#	修改：      tip.txt
#
修改尚未加入提交（使用 "git add" 和/或 "git commit -a"）

update time: 2022年 07月 02日 星期六 22:32:01 CST
**********************************START************************************************
# 位于分支 master
# 尚未暂存以备提交的变更：
#   （使用 "git add <file>..." 更新要提交的内容）
#   （使用 "git checkout -- <file>..." 丢弃工作区的改动）
#
#	修改：      20220702.log
#	修改：      tip.txt
#
修改尚未加入提交（使用 "git add" 和/或 "git commit -a"）

update time: 2022年 07月 02日 星期六 22:33:01 CST
**********************************START************************************************
# 位于分支 master
# 尚未暂存以备提交的变更：
#   （使用 "git add <file>..." 更新要提交的内容）
#   （使用 "git checkout -- <file>..." 丢弃工作区的改动）
#
#	修改：      20220702.log
#	修改：      tip.txt
#
# 未跟踪的文件:
#   （使用 "git add <file>..." 以包含要提交的内容）
#
#	.20220702.log.swo
修改尚未加入提交（使用 "git add" 和/或 "git commit -a"）
