
<<<<<<< HEAD
update time is: 2022年 11月 24日 星期四 01:00:02 CST
=======
update time is: 2022年 11月 24日 星期四 00:00:01 CST
**********************************************************************************

update time is: 2022年 11月 24日 星期四 00:30:01 CST
>>>>>>> 80477f38ce66c2b754dc44f6b04f5cb70b547217
**********************************************************************************

update time is: 2022年 11月 24日 星期四 01:30:01 CST
**********************************************************************************

update time is: 2022年 11月 24日 星期四 02:00:01 CST
**********************************************************************************

update time is: 2022年 11月 24日 星期四 02:30:01 CST
**********************************************************************************

update time is: 2022年 11月 24日 星期四 03:00:02 CST
**********************************************************************************

update time is: 2022年 11月 24日 星期四 03:30:01 CST
**********************************************************************************

update time is: 2022年 11月 24日 星期四 04:00:01 CST
**********************************************************************************

update time is: 2022年 11月 24日 星期四 04:30:01 CST
**********************************************************************************

update time is: 2022年 11月 24日 星期四 05:00:01 CST
**********************************************************************************

update time is: 2022年 11月 24日 星期四 05:30:01 CST
**********************************************************************************
